<?xml version="1.0" encoding="UTF-8"?>
<!-- Generated by org.testng.reporters.JUnitXMLReporter -->
<testsuite ignored="0" hostname="DESKTOP-MHTQ89I" failures="0" tests="3" name="Default test" time="7.039" errors="0" timestamp="2026-07-15T12:52:16 IST">
  <testcase classname="LearningTestNG.LearnAssertion" name="Task1" time="0.013"/>
  <testcase classname="LearningTestNG.LearnAssertion" name="Task2" time="3.865"/>
  <testcase classname="LearningTestNG.LearnAssertion" name="Task3" time="3.118"/>
</testsuite> <!-- Default test -->
