<?xml version="1.0" encoding="UTF-8"?>
<!-- Generated by org.testng.reporters.JUnitXMLReporter -->
<testsuite ignored="0" hostname="DESKTOP-MHTQ89I" failures="0" tests="3" name="Test" time="137.464" errors="0" timestamp="2026-07-14T12:31:19 IST">
  <testcase classname="BatchExecution.Ts_03" name="createProduct" time="11.049"/>
  <testcase classname="BatchExecution.Ts_02" name="createContact" time="9.663"/>
  <testcase classname="BatchExecution.Ts_01" name="createOrg" time="5.087"/>
</testsuite> <!-- Test -->
