<?xml version="1.0" encoding="UTF-8"?>
<testng-results ignored="0" total="3" passed="3" failed="0" skipped="0">
  <reporter-output>
  </reporter-output>
  <suite started-at="2026-07-15T12:52:08 IST" name="Default suite" finished-at="2026-07-15T12:52:16 IST" duration-ms="7039">
    <groups>
    </groups>
    <test started-at="2026-07-15T12:52:08 IST" name="Default test" finished-at="2026-07-15T12:52:16 IST" duration-ms="7039">
      <class name="LearningTestNG.LearnAssertion">
        <test-method signature="Task1()[pri:0, instance:LearningTestNG.LearnAssertion@33d512c1]" started-at="2026-07-15T12:52:09 IST" name="Task1" finished-at="2026-07-15T12:52:09 IST" duration-ms="13" status="PASS">
          <reporter-output>
          </reporter-output>
        </test-method> <!-- Task1 -->
        <test-method signature="Task2()[pri:0, instance:LearningTestNG.LearnAssertion@33d512c1]" started-at="2026-07-15T12:52:09 IST" name="Task2" finished-at="2026-07-15T12:52:12 IST" duration-ms="3865" status="PASS">
          <reporter-output>
          </reporter-output>
        </test-method> <!-- Task2 -->
        <test-method signature="Task3()[pri:0, instance:LearningTestNG.LearnAssertion@33d512c1]" started-at="2026-07-15T12:52:12 IST" name="Task3" finished-at="2026-07-15T12:52:16 IST" duration-ms="3118" status="PASS">
          <reporter-output>
          </reporter-output>
        </test-method> <!-- Task3 -->
      </class> <!-- LearningTestNG.LearnAssertion -->
    </test> <!-- Default test -->
  </suite> <!-- Default suite -->
</testng-results>
