<?xml version="1.0" encoding="UTF-8"?>
<testng-results ignored="0" total="1" passed="1" failed="0" skipped="0">
  <reporter-output>
    <line>
      <![CDATA[hi]]>
    </line>
  </reporter-output>
  <suite started-at="2026-07-11T12:49:14 IST" name="Default suite" finished-at="2026-07-11T12:49:14 IST" duration-ms="93">
    <groups>
    </groups>
    <test started-at="2026-07-11T12:49:14 IST" name="Default test" finished-at="2026-07-11T12:49:14 IST" duration-ms="93">
      <class name="LearningTestNG.Task">
        <test-method signature="demo()[pri:0, instance:LearningTestNG.Task@78691363]" started-at="2026-07-11T12:49:14 IST" name="demo" finished-at="2026-07-11T12:49:14 IST" duration-ms="19" status="PASS">
          <reporter-output>
            <line>
              <![CDATA[hi]]>
            </line>
          </reporter-output>
        </test-method> <!-- demo -->
      </class> <!-- LearningTestNG.Task -->
    </test> <!-- Default test -->
  </suite> <!-- Default suite -->
</testng-results>
