<?xml version="1.0" encoding="UTF-8"?>
<!-- Generated by org.testng.reporters.JUnitReportReporter -->
<testsuite hostname="DESKTOP-MHTQ89I" failures="0" tests="1" name="BatchExecution.Ts_03" time="38.300" errors="0" timestamp="2026-07-14T12:31:19 IST" skipped="0">
  <testcase classname="BatchExecution.Ts_03" name="createProduct" time="38.300">
    <system-out>
      <![CDATA[Creating Product success]]>
    </system-out>
  </testcase> <!-- createProduct -->
  <system-out>
    <![CDATA[Browser Opened
Browser Maximized
Nav To App via URL
Entered un in Untxtfld
Entered pswd in pswdtxtfld
click on login btn
Creating Product success
Creating org success
Browser closed
Browser Opened
Browser Maximized
Nav To App via URL
Entered un in Untxtfld
Entered pswd in pswdtxtfld
click on login btn
Creating Contact success
Creating org success
Browser closed
Browser Opened
Browser Maximized
Nav To App via URL
Entered un in Untxtfld
Entered pswd in pswdtxtfld
click on login btn
Creating Org success
Creating org success
Browser closed]]>
  </system-out>
</testsuite> <!-- BatchExecution.Ts_03 -->
