<?xml version="1.0" encoding="UTF-8"?>
<!-- Generated by org.testng.reporters.JUnitReportReporter -->
<testsuite hostname="DESKTOP-MHTQ89I" failures="0" tests="1" name="LearningTestNG.Task" time="0.019" errors="0" timestamp="2026-07-11T12:49:14 IST" skipped="0">
  <testcase classname="LearningTestNG.Task" name="demo" time="0.019">
    <system-out>
      <![CDATA[hi]]>
    </system-out>
  </testcase> <!-- demo -->
  <system-out>
    <![CDATA[hi]]>
  </system-out>
</testsuite> <!-- LearningTestNG.Task -->
