<?xml version="1.0" encoding="UTF-8"?>
<!-- Generated by org.testng.reporters.JUnitReportReporter -->
<testsuite hostname="DESKTOP-MHTQ89I" failures="0" tests="3" name="LearningTestNG.Task" time="0.019" errors="0" timestamp="2026-07-13T13:50:26 IST" skipped="0">
  <testcase classname="LearningTestNG.Task" name="deleteOrg" time="0.005">
    <system-out>
      <![CDATA[deleting org success]]>
    </system-out>
  </testcase> <!-- deleteOrg -->
  <testcase classname="LearningTestNG.Task" name="createOrg" time="0.011">
    <system-out>
      <![CDATA[Creating Org Success]]>
    </system-out>
  </testcase> <!-- createOrg -->
  <testcase classname="LearningTestNG.Task" name="updateOrg" time="0.003">
    <system-out>
      <![CDATA[Updating organization org success]]>
    </system-out>
  </testcase> <!-- updateOrg -->
  <system-out>
    <![CDATA[Browser Opened
Browser Maximized
Nav To App via URL
Entered un in Untxtfld
Entered pswd in pswdtxtfld
click on login btn
Creating Org Success
Creating org success
Entered un in Untxtfld
Entered pswd in pswdtxtfld
click on login btn
deleting org success
Creating org success
Entered un in Untxtfld
Entered pswd in pswdtxtfld
click on login btn
Updating organization org success
Creating org success
Browser closed]]>
  </system-out>
</testsuite> <!-- LearningTestNG.Task -->
